<?xml version="1.0" encoding="UTF-8"?>
<!-- Generated by org.testng.reporters.JUnitReportReporter -->
<testsuite skipped="0" hostname="DESKTOP-564C99U" name="UserActions.TransferHistory" tests="1" failures="0" timestamp="2022-03-15T00:37:42 IST" time="18.174" errors="0">
  <testcase name="TransactionHistory" time="18.174" classname="UserActions.TransferHistory"/>
  <system-out/>
</testsuite> <!-- UserActions.TransferHistory -->
