<?xml version="1.0" encoding="UTF-8"?>
<!-- Generated by org.testng.reporters.JUnitReportReporter -->
<testsuite skipped="0" hostname="DESKTOP-564C99U" name="Authentication.Login" tests="1" failures="0" timestamp="2022-03-15T00:31:37 IST" time="28.871" errors="0">
  <testcase name="LoginTest" time="28.871" classname="Authentication.Login"/>
  <system-out/>
</testsuite> <!-- Authentication.Login -->
