<?xml version="1.0" encoding="UTF-8"?>
<!-- Generated by org.testng.reporters.JUnitReportReporter -->
<testsuite skipped="0" hostname="DESKTOP-564C99U" name="UserActions.ChequeBookRequest" tests="1" failures="0" timestamp="2022-03-15T00:33:28 IST" time="15.770" errors="0">
  <testcase name="chequeBookRequest" time="15.770" classname="UserActions.ChequeBookRequest"/>
  <system-out/>
</testsuite> <!-- UserActions.ChequeBookRequest -->
