<?xml version="1.0" encoding="UTF-8"?>
<!-- Generated by org.testng.reporters.JUnitReportReporter -->
<testsuite skipped="0" hostname="DESKTOP-564C99U" name="UserActions.Register" tests="1" failures="0" timestamp="2022-03-15T00:35:31 IST" time="20.219" errors="0">
  <testcase name="register" time="20.219" classname="UserActions.Register"/>
  <system-out/>
</testsuite> <!-- UserActions.Register -->
