<?xml version="1.0" encoding="UTF-8"?>
<!-- Generated by org.testng.reporters.JUnitReportReporter -->
<testsuite skipped="0" hostname="DESKTOP-564C99U" name="UserActions.EditProfile" tests="1" failures="0" timestamp="2022-03-15T00:34:26 IST" time="28.090" errors="0">
  <testcase name="EditPorfile" time="28.090" classname="UserActions.EditProfile"/>
  <system-out/>
</testsuite> <!-- UserActions.EditProfile -->
